<?xml version="1.0" encoding="UTF-8"?>
<testsuite xmlns:xsi="http://www.w3.org/2001/XMLSchema-instance" xsi:noNamespaceSchemaLocation="https://maven.apache.org/surefire/maven-failsafe-plugin/xsd/failsafe-test-report.xsd" version="3.0.2" name="com.core.az.AzContentUnderstandingIT" time="32.035" tests="10" errors="0" skipped="0" failures="0">
  <properties>
[...]
</properties>
  <testcase name="listAnalyzers_baseline" classname="com.core.az.AzContentUnderstandingIT" time="2.49">
    <system-err><![CDATA[[main] INFO com.core.az.AzConnection - Initialising AzConnection with Key Vault: https://kv-eia-dev-1.vault.azure.net
[main] INFO com.core.az.AzConnection - AzConnection initialised successfully
[main] INFO com.core.az.AzConnection - Retrieving Content Understanding endpoint
[main] INFO com.core.az.AzConnection - Reading secret 'ContentUnderstandingEndpoint' from Key Vault
[main] INFO com.azure.identity.ChainedTokenCredential - Azure Identity => Attempted credential EnvironmentCredential is unavailable.
[main] INFO com.azure.identity.ChainedTokenCredential - Azure Identity => Attempted credential WorkloadIdentityCredential is unavailable.
[main] INFO com.azure.identity.ChainedTokenCredential - Azure Identity => Attempted credential ManagedIdentityCredential is unavailable.
[main] INFO com.azure.identity.ChainedTokenCredential - Azure Identity => Attempted credential SharedTokenCacheCredential is unavailable.
[main] INFO com.azure.identity.ChainedTokenCredential - Azure Identity => Attempted credential IntelliJCredential is unavailable.
[main] INFO com.azure.identity.ChainedTokenCredential - Azure Identity => Attempted credential AzureCliCredential returns a token
[main] INFO com.core.az.AzConnection - Secret 'ContentUnderstandingEndpoint' retrieved successfully
[main] INFO com.core.az.AzConnection - Creating DefaultAzureCredential for Content Understanding
[main] INFO com.core.az.AzConnection - Creating HttpClient for Content Understanding
[main] INFO com.core.az.AzConnection - Reading secret 'ContentUnderstandingCompletionModel' from Key Vault
[main] INFO com.core.az.AzConnection - Secret 'ContentUnderstandingCompletionModel' retrieved successfully
[main] INFO com.core.az.AzContentUnderstanding - AzContentUnderstanding initialised – endpoint: https://cu-eia-dev-1.cognitiveservices.azure.com/, defaultCompletionModel: gpt-4.1
[main] INFO com.core.az.AzContentUnderstandingIT - Test analyzer ID for this run: itTestAnalyzer1776376289235
[main] INFO com.core.az.AzContentUnderstandingIT - >>> START: Test #1 - List analyzers – baseline count before test
[main] INFO com.core.az.AzContentUnderstanding - Listing all content analyzers
[main] INFO com.azure.identity.ChainedTokenCredential - Azure Identity => Returning token from cached credential AzureCliCredential
[main] INFO com.core.az.AzContentUnderstanding - Content analyzers listed successfully
[main] INFO com.core.az.AzContentUnderstandingIT -   Baseline list response length: 386331 chars
[main] INFO com.core.az.AzContentUnderstandingIT - <<< END  : Test #1 - List analyzers – baseline count before test - PASSED
]]></system-err>
  </testcase>
  <testcase name="createAnalyzer" classname="com.core.az.AzContentUnderstandingIT" time="2.276">
    <system-err><![CDATA[[main] INFO com.core.az.AzContentUnderstandingIT - >>> START: Test #2 - Create test analyzer from analyzer-schema.json
[main] INFO com.core.az.AzContentUnderstandingIT -   Analyzer schema loaded (160 chars)
[main] INFO com.core.az.AzContentUnderstanding - Creating content analyzer 'itTestAnalyzer1776376289235'
[main] INFO com.core.az.AzContentUnderstanding - Injected default completion model 'gpt-4.1' into schema
[main] INFO com.azure.identity.ChainedTokenCredential - Azure Identity => Returning token from cached credential AzureCliCredential
[main] INFO com.core.az.AzContentUnderstanding - Content analyzer 'itTestAnalyzer1776376289235' created successfully
[main] INFO com.core.az.AzContentUnderstandingIT -   Create response: {"analyzerId":"itTestAnalyzer1776376289235","description":"Integration test analyzer – extracts text content from documents","createdAt":"2026-04-16T21:51:35Z","lastModifiedAt":"2026-04-16T21:51:35Z","baseAnalyzerId":"prebuilt-document","config":{"returnDetails":false,"enableOcr":true,"enableLayout":true,"enableFormula":true,"enableFigureDescription":false,"enableFigureAnalysis":false,"chartFormat":"chartjs","tableFormat":"html","enableSegment":false,"omitContent":false,"segmentPerPage":false,"annotationFormat":"markdown","_experimental":{"_chunkingStrategy":"noChunking","_semanticConfigMaxChunkTokens":"250"}},"warnings":[],"status":"ready","processingLocation":"geography","supportedModels":{"completion":["gpt-4o","gpt-4o-mini","gpt-4.1","gpt-4.1-mini","gpt-4.1-nano","gpt-5.2"],"embedding":["text-embedding-3-small","text-embedding-3-large","text-embedding-ada-002"]},"models":{"completion":"gpt-4.1","embedding":"prebuilt-analyzer-embedding"},"operationId":"5c37189e-d8d9-45e3-9dcd-9fa58f8bf2f6"}
[main] INFO com.core.az.AzContentUnderstandingIT -   Create operation ID: 5c37189e-d8d9-45e3-9dcd-9fa58f8bf2f6
[main] INFO com.core.az.AzContentUnderstandingIT - <<< END  : Test #2 - Create test analyzer from analyzer-schema.json - PASSED
]]></system-err>
  </testcase>
  <testcase name="pollAnalyzerCreation" classname="com.core.az.AzContentUnderstandingIT" time="2.377">
    <system-err><![CDATA[[main] INFO com.core.az.AzContentUnderstandingIT - >>> START: Test #3 - Poll until analyzer creation succeeds
[main] INFO com.core.az.AzContentUnderstanding - Getting operation status for analyzer 'itTestAnalyzer1776376289235', operation '5c37189e-d8d9-45e3-9dcd-9fa58f8bf2f6'
[main] INFO com.azure.identity.ChainedTokenCredential - Azure Identity => Returning token from cached credential AzureCliCredential
[main] INFO com.core.az.AzContentUnderstandingIT -   Poll 1/30 – status: Succeeded
[main] INFO com.core.az.AzContentUnderstandingIT -   Analyzer 'itTestAnalyzer1776376289235' creation completed with status: Succeeded
[main] INFO com.core.az.AzContentUnderstandingIT - <<< END  : Test #3 - Poll until analyzer creation succeeds - PASSED
]]></system-err>
  </testcase>
  <testcase name="listAnalyzers_afterCreate" classname="com.core.az.AzContentUnderstandingIT" time="2.188">
    <system-err><![CDATA[[main] INFO com.core.az.AzContentUnderstandingIT - >>> START: Test #4 - List analyzers – test analyzer should appear
[main] INFO com.core.az.AzContentUnderstanding - Listing all content analyzers
[main] INFO com.azure.identity.ChainedTokenCredential - Azure Identity => Returning token from cached credential AzureCliCredential
[main] INFO com.core.az.AzContentUnderstanding - Content analyzers listed successfully
[main] INFO com.core.az.AzContentUnderstandingIT -   Test analyzer 'itTestAnalyzer1776376289235' found in list
[main] INFO com.core.az.AzContentUnderstandingIT - <<< END  : Test #4 - List analyzers – test analyzer should appear - PASSED
]]></system-err>
  </testcase>
  <testcase name="analyzeDocument" classname="com.core.az.AzContentUnderstandingIT" time="2.467">
    <system-err><![CDATA[[main] INFO com.core.az.AzContentUnderstandingIT - >>> START: Test #5 - Submit a public document URL for analysis
[main] INFO com.core.az.AzContentUnderstandingIT -   Submitting URL for analysis: https://raw.githubusercontent.com/Azure-Samples/cognitive-services-REST-api-samples/master/curl/form-recognizer/rest-api/read.png
[main] INFO com.core.az.AzContentUnderstanding - Submitting content for analysis with analyzer 'itTestAnalyzer1776376289235'
[main] INFO com.azure.identity.ChainedTokenCredential - Azure Identity => Returning token from cached credential AzureCliCredential
[main] INFO com.core.az.AzContentUnderstanding - Analysis submitted successfully for analyzer 'itTestAnalyzer1776376289235'
[main] INFO com.core.az.AzContentUnderstandingIT -   Analyze response: {"id":"d48814f9-c4b5-4f29-a373-1cde4fb13f98","status":"Running","result":{"analyzerId":"itTestAnalyzer1776376289235","apiVersion":"2025-11-01","createdAt":"2026-04-16T21:51:42Z","warnings":[],"contents":[]},"operationId":"d48814f9-c4b5-4f29-a373-1cde4fb13f98"}
[main] INFO com.core.az.AzContentUnderstandingIT -   Analyze operation ID: d48814f9-c4b5-4f29-a373-1cde4fb13f98
[main] INFO com.core.az.AzContentUnderstandingIT - <<< END  : Test #5 - Submit a public document URL for analysis - PASSED
]]></system-err>
  </testcase>
  <testcase name="pollAnalysis" classname="com.core.az.AzContentUnderstandingIT" time="6.023">
    <system-err><![CDATA[[main] INFO com.core.az.AzContentUnderstandingIT - >>> START: Test #6 - Poll until analysis completes
[main] INFO com.core.az.AzContentUnderstanding - Retrieving analysis results for analyzer 'itTestAnalyzer1776376289235', operation 'd48814f9-c4b5-4f29-a373-1cde4fb13f98'
[main] INFO com.azure.identity.ChainedTokenCredential - Azure Identity => Returning token from cached credential AzureCliCredential
[main] INFO com.core.az.AzContentUnderstandingIT -   Poll 1/30 – status: Running
[main] INFO com.core.az.AzContentUnderstanding - Retrieving analysis results for analyzer 'itTestAnalyzer1776376289235', operation 'd48814f9-c4b5-4f29-a373-1cde4fb13f98'
[main] INFO com.azure.identity.ChainedTokenCredential - Azure Identity => Returning token from cached credential AzureCliCredential
[main] INFO com.core.az.AzContentUnderstandingIT -   Poll 2/30 – status: Succeeded
[main] INFO com.core.az.AzContentUnderstandingIT -   Analysis completed with status: Succeeded
[main] INFO com.core.az.AzContentUnderstandingIT - <<< END  : Test #6 - Poll until analysis completes - PASSED
]]></system-err>
  </testcase>
  <testcase name="getAnalyzeResults" classname="com.core.az.AzContentUnderstandingIT" time="2.136">
    <system-err><![CDATA[[main] INFO com.core.az.AzContentUnderstandingIT - >>> START: Test #7 - Retrieve analysis results
[main] INFO com.core.az.AzContentUnderstanding - Retrieving analysis results for analyzer 'itTestAnalyzer1776376289235', operation 'd48814f9-c4b5-4f29-a373-1cde4fb13f98'
[main] INFO com.azure.identity.ChainedTokenCredential - Azure Identity => Returning token from cached credential AzureCliCredential
[main] INFO com.core.az.AzContentUnderstandingIT -   Results length: 5424 chars
[main] INFO com.core.az.AzContentUnderstandingIT -   Results (truncated): {"id":"d48814f9-c4b5-4f29-a373-1cde4fb13f98","status":"Succeeded","result":{"analyzerId":"itTestAnalyzer1776376289235","apiVersion":"2025-11-01","createdAt":"2026-04-16T21:51:42Z","stringEncoding":"codePoint","warnings":[],"contents":[{"path":"input1","markdown":"\"\n\n\n![](figures/1.1)\n\n\n# While healthcare is still in the early stages of its Al journey, we are seeing pharmaceutical and other life sciences organizations making major investments in Al and related technologies.\"\n\nTOM LAWRY 
[main] INFO com.core.az.AzContentUnderstandingIT - <<< END  : Test #7 - Retrieve analysis results - PASSED
]]></system-err>
  </testcase>
  <testcase name="deleteAnalyzer" classname="com.core.az.AzContentUnderstandingIT" time="2.344">
    <system-err><![CDATA[[main] INFO com.core.az.AzContentUnderstandingIT - >>> START: Test #8 - Delete the test analyzer
[main] INFO com.core.az.AzContentUnderstanding - Deleting content analyzer 'itTestAnalyzer1776376289235'
[main] INFO com.azure.identity.ChainedTokenCredential - Azure Identity => Returning token from cached credential AzureCliCredential
[main] INFO com.core.az.AzContentUnderstanding - Content analyzer 'itTestAnalyzer1776376289235' deleted successfully
[main] INFO com.core.az.AzContentUnderstandingIT -   Delete response: {"status":"deleted","statusCode":204}
[main] INFO com.core.az.AzContentUnderstandingIT - <<< END  : Test #8 - Delete the test analyzer - PASSED
]]></system-err>
  </testcase>
  <testcase name="listAnalyzers_afterDelete" classname="com.core.az.AzContentUnderstandingIT" time="2.283">
    <system-err><![CDATA[[main] INFO com.core.az.AzContentUnderstandingIT - >>> START: Test #9 - List analyzers – test analyzer should be gone
[main] INFO com.core.az.AzContentUnderstanding - Listing all content analyzers
[main] INFO com.azure.identity.ChainedTokenCredential - Azure Identity => Returning token from cached credential AzureCliCredential
[main] INFO com.core.az.AzContentUnderstanding - Content analyzers listed successfully
[main] INFO com.core.az.AzContentUnderstandingIT -   Test analyzer 'itTestAnalyzer1776376289235' is no longer in the list
[main] INFO com.core.az.AzContentUnderstandingIT - <<< END  : Test #9 - List analyzers – test analyzer should be gone - PASSED
]]></system-err>
  </testcase>
  <testcase name="parseAnalyzerIds_fromLiveResponse" classname="com.core.az.AzContentUnderstandingIT" time="2.164">
    <system-err><![CDATA[[main] INFO com.core.az.AzContentUnderstandingIT - >>> START: Test #10 - getContentAnalyzerIdsFromJson – parses live list response
[main] INFO com.core.az.AzContentUnderstanding - Listing all content analyzers
[main] INFO com.azure.identity.ChainedTokenCredential - Azure Identity => Returning token from cached credential AzureCliCredential
[main] INFO com.core.az.AzContentUnderstanding - Content analyzers listed successfully
[main] INFO com.core.az.AzContentUnderstandingIT -   Parsed analyzer IDs: {baseAnalyzerId=, name=, description=Transcribe conversations., id=prebuilt-audio}
[main] INFO com.core.az.AzContentUnderstandingIT - <<< END  : Test #10 - getContentAnalyzerIdsFromJson – parses live list response - PASSED
]]></system-err>
  </testcase>
</testsuite>