<?xml version="1.0" encoding="UTF-8"?>
<testsuite xmlns:xsi="http://www.w3.org/2001/XMLSchema-instance" xsi:noNamespaceSchemaLocation="https://maven.apache.org/surefire/maven-failsafe-plugin/xsd/failsafe-test-report.xsd" version="3.0.2" name="com.core.az.AzConnectionIT" time="22.306" tests="9" errors="0" skipped="0" failures="0">
  <properties>
[...]
</properties>
  <testcase name="cosmosClient_connects" classname="com.core.az.AzConnectionIT" time="9.719">
    <system-err><![CDATA[[main] INFO com.core.az.AzConnection - Initialising AzConnection with Key Vault: https://kv-eia-dev-1.vault.azure.net
[main] INFO com.core.az.AzConnection - AzConnection initialised successfully
[main] INFO com.core.az.AzConnectionIT - >>> START: Test #1 - Cosmos DB – client connects and reads database properties
[main] INFO com.core.az.AzConnection - Creating CosmosClient
[main] INFO com.core.az.AzConnection - Reading secret 'CosmosDbEndpoint' from Key Vault
[main] INFO com.azure.identity.ChainedTokenCredential - Azure Identity => Attempted credential EnvironmentCredential is unavailable.
[main] INFO com.azure.identity.ChainedTokenCredential - Azure Identity => Attempted credential WorkloadIdentityCredential is unavailable.
[main] INFO com.azure.identity.ChainedTokenCredential - Azure Identity => Attempted credential ManagedIdentityCredential is unavailable.
[main] INFO com.azure.identity.ChainedTokenCredential - Azure Identity => Attempted credential SharedTokenCacheCredential is unavailable.
[main] INFO com.azure.identity.ChainedTokenCredential - Azure Identity => Attempted credential IntelliJCredential is unavailable.
[main] INFO com.azure.identity.ChainedTokenCredential - Azure Identity => Attempted credential AzureCliCredential returns a token
[main] INFO com.core.az.AzConnection - Secret 'CosmosDbEndpoint' retrieved successfully
[main] WARN com.azure.cosmos.implementation.Utils - Neither Afterburner nor Blackbird Jackson module loaded.  Consider adding one to your classpath for maximum Jackson performance.
[main] WARN com.azure.cosmos.implementation.Utils - Neither Afterburner nor Blackbird Jackson module loaded.  Consider adding one to your classpath for maximum Jackson performance.
[main] INFO com.azure.cosmos.implementation.RxDocumentClientImpl - Initializing DocumentClient [1] with serviceEndpoint [https://cosmos-eia-dev-1.documents.azure.com:443/], connectionPolicy [ConnectionPolicy{httpNetworkRequestTimeout=PT1M, tcpNetworkRequestTimeout=PT5S, connectionMode=DIRECT, maxConnectionPoolSize=1000, idleHttpConnectionTimeout=PT1M, idleTcpConnectionTimeout=PT0S, userAgentSuffix='', throttlingRetryOptions=RetryOptions{maxRetryAttemptsOnThrottledRequests=9, maxRetryWaitTime=PT30S}, endpointDiscoveryEnabled=true, preferredRegions=null, multipleWriteRegionsEnabled=true, proxyType=null, inetSocketProxyAddress=null, readRequestsFallbackEnabled=true, connectTimeout=PT5S, idleTcpEndpointTimeout=PT1H, maxConnectionsPerEndpoint=130, maxRequestsPerConnection=30, tcpConnectionEndpointRediscoveryEnabled=true, ioThreadPriority=5, ioThreadCountPerCoreFactor=2, tcpHealthCheckTimeoutDetectionEnabled=true, minConnectionPoolSizePerEndpoint=1, openConnectionsConcurrency=1, aggressiveWarmupConcurrency=12}], consistencyLevel [null]
[cosmos-parallel-1] INFO com.azure.cosmos.implementation.RxDocumentClientImpl - Getting database account endpoint from https://cosmos-eia-dev-1.documents.azure.com:443/
[cosmos-parallel-1] INFO com.azure.identity.ChainedTokenCredential - Azure Identity => Returning token from cached credential AzureCliCredential
[cosmos-parallel-1] INFO com.azure.core.credential.SimpleTokenCache - {"az.sdk.message":"Acquired a new access token"}
[reactor-http-nio-2] INFO com.azure.cosmos.implementation.GlobalEndpointManager - db account retrieved {"_self":"","id":"cosmos-eia-dev-1","_rid":"cosmos-eia-dev-1.documents.azure.com","media":"//media/","addresses":"//addresses/","_dbs":"//dbs/","writableLocations":[{"name":"Central US","databaseAccountEndpoint":"https://cosmos-eia-dev-1-centralus.documents.azure.com:443/"}],"readableLocations":[{"name":"Central US","databaseAccountEndpoint":"https://cosmos-eia-dev-1-centralus.documents.azure.com:443/"}],"enableMultipleWriteLocations":false,"continuousBackupEnabled":false,"enableNRegionSynchronousCommit":false,"enablePerPartitionFailoverBehavior":false,"userReplicationPolicy":{"asyncReplication":false,"minReplicaSetSize":3,"maxReplicasetSize":4},"userConsistencyPolicy":{"defaultConsistencyLevel":"Session"},"systemReplicationPolicy":{"minReplicaSetSize":3,"maxReplicasetSize":4},"readPolicy":{"primaryReadCoefficient":1,"secondaryReadCoefficient":1},"queryEngineConfiguration":"{\"allowNewKeywords\":true,\"maxJoinsPerSqlQuery\":10,\"maxQueryRequestTimeoutFraction\":0.9,\"maxSqlQueryInputLength\":524288,\"maxUdfRefPerSqlQuery\":10,\"queryMaxInMemorySortDocumentCount\":-1000,\"spatialMaxGeometryPointCount\":256,\"sqlAllowNonFiniteNumbers\":false,\"sqlDisableOptimizationFlags\":0,\"sqlQueryILDisableOptimizationFlags\":0,\"clientDisableOptimisticDirectExecution\":false,\"queryEnableFullText\":true,\"queryEnableFullTextPreviewFeatures\":false,\"queryMaxFullTextScoreSearchTerms\":5,\"queryMaxRrfArgumentCount\":100,\"enableSpatialIndexing\":true,\"maxInExpressionItemsCount\":2147483647,\"maxLogicalAndPerSqlQuery\":2147483647,\"maxLogicalOrPerSqlQuery\":2147483647,\"maxSpatialQueryCells\":2147483647,\"sqlAllowAggregateFunctions\":true,\"sqlAllowGroupByClause\":true,\"sqlAllowLike\":true,\"sqlAllowSubQuery\":true,\"sqlAllowScalarSubQuery\":true,\"sqlAllowTop\":true}"}
[main] INFO com.azure.cosmos.implementation.directconnectivity.RntbdTransportClient - Using default Direct TCP options: azure.cosmos.directTcp.defaultOptions
[main] INFO com.azure.cosmos.implementation.directconnectivity.rntbd.RntbdServiceEndpoint$RntbdEndpointMonitoringProvider - Starting RntbdClientChannelPoolMonitoringProvider ...
[main] WARN com.azure.cosmos.CosmosClientBuilder - Cosmos Client with (Correlation) ID [00001] started up in [4462] ms with the following configuration: serviceEndpoint [https://cosmos-eia-dev-1.documents.azure.com:443/], preferredRegions [[]], excludedRegions [[]], connectionPolicy [ConnectionPolicy{httpNetworkRequestTimeout=PT1M, tcpNetworkRequestTimeout=PT5S, connectionMode=DIRECT, maxConnectionPoolSize=1000, idleHttpConnectionTimeout=PT1M, idleTcpConnectionTimeout=PT0S, userAgentSuffix='', throttlingRetryOptions=RetryOptions{maxRetryAttemptsOnThrottledRequests=9, maxRetryWaitTime=PT30S}, endpointDiscoveryEnabled=true, preferredRegions=null, multipleWriteRegionsEnabled=true, proxyType=null, inetSocketProxyAddress=null, readRequestsFallbackEnabled=true, connectTimeout=PT5S, idleTcpEndpointTimeout=PT1H, maxConnectionsPerEndpoint=130, maxRequestsPerConnection=30, tcpConnectionEndpointRediscoveryEnabled=true, ioThreadPriority=5, ioThreadCountPerCoreFactor=2, tcpHealthCheckTimeoutDetectionEnabled=true, minConnectionPoolSizePerEndpoint=1, openConnectionsConcurrency=1, aggressiveWarmupConcurrency=12}], consistencyLevel [null], contentResponseOnWriteEnabled [false], sessionCapturingOverride [false], connectionSharingAcrossClients [false], clientTelemetryEnabled [false], proactiveContainerInit [null], diagnostics [{samplingRate=1.0, thresholds={pointOperationLatencyThreshold=PT1S, nonPointOperationLatencyThreshold=PT3S, requestChargeThreshold=1000.0, payloadSizeInBytesThreshold=2147483647, customFailureHandler=false}, clientCorrelationId=null, clientTelemetryEnabled=false, clientMetricsEnabled=true, transportLevelTracingEnabled=false, showQueryMode=None, customTracerProvided=false, customDiagnosticHandlers=()}], tracing [true, false, com.azure.cosmos.implementation.DiagnosticsProvider.EnabledNoOpTracer, [com.azure.cosmos.implementation.clienttelemetry.ClientMetricsDiagnosticsHandler]], nativeTransport [false] fastClientOpen [false] isRegionScopedSessionCapturingEnabled [false]
[main] INFO com.core.az.AzConnection - CosmosClient created for endpoint: https://cosmos-eia-dev-1.documents.azure.com:443/
[main] INFO com.core.az.AzConnection - Getting CosmosContainer reference
[main] INFO com.core.az.AzConnection - Reading secret 'CosmosDbDatabaseName' from Key Vault
[main] INFO com.core.az.AzConnection - Secret 'CosmosDbDatabaseName' retrieved successfully
[main] INFO com.core.az.AzConnection - Reading secret 'CosmosDbContainerName' from Key Vault
[main] INFO com.core.az.AzConnection - Secret 'CosmosDbContainerName' retrieved successfully
[main] INFO com.core.az.AzConnection - CosmosContainer reference obtained – database: DocAIDatabase, container: EmailExtracts
[main] INFO com.core.az.AzConnectionIT -   Cosmos container ID: EmailExtracts
[main] INFO com.core.az.AzConnectionIT - <<< END  : Test #1 - Cosmos DB – client connects and reads database properties - PASSED
]]></system-err>
  </testcase>
  <testcase name="cosmosContainer_isAccessible" classname="com.core.az.AzConnectionIT" time="0.367">
    <system-err><![CDATA[[main] INFO com.core.az.AzConnectionIT - >>> START: Test #2 - Cosmos DB – container reference is valid
[main] INFO com.core.az.AzConnection - Getting CosmosContainer reference
[main] INFO com.core.az.AzConnection - CosmosContainer reference obtained – database: DocAIDatabase, container: EmailExtracts
[main] INFO com.core.az.AzConnectionIT -   ✓ Cosmos container: EmailExtracts
[main] INFO com.core.az.AzConnectionIT - <<< END  : Test #2 - Cosmos DB – container reference is valid - PASSED
]]></system-err>
  </testcase>
  <testcase name="serviceBusSender_connects" classname="com.core.az.AzConnectionIT" time="0.294">
    <system-err><![CDATA[[main] INFO com.core.az.AzConnectionIT - >>> START: Test #3 - Service Bus – sender client connects
[main] INFO com.core.az.AzConnection - Creating ServiceBusSenderClient
[main] INFO com.core.az.AzConnection - Reading secret 'ServiceBusUrl' from Key Vault
[main] INFO com.core.az.AzConnection - Secret 'ServiceBusUrl' retrieved successfully
[main] INFO com.core.az.AzConnection - Reading secret 'ServiceBusTopicName' from Key Vault
[main] INFO com.core.az.AzConnection - Secret 'ServiceBusTopicName' retrieved successfully
[main] INFO com.azure.messaging.servicebus.ServiceBusClientBuilder - # of open clients using shared connection cache: 1
[main] INFO com.core.az.AzConnection - ServiceBusSenderClient created – namespace: sb-eia-dev-1.servicebus.windows.net, topic: email-processing
[main] INFO com.core.az.AzConnectionIT -   ✓ Service Bus sender namespace: sb-eia-dev-1.servicebus.windows.net
[main] INFO com.core.az.AzConnectionIT - <<< END  : Test #3 - Service Bus – sender client connects - PASSED
]]></system-err>
  </testcase>
  <testcase name="serviceBusReceiver_connects" classname="com.core.az.AzConnectionIT" time="0.109">
    <system-err><![CDATA[[main] INFO com.core.az.AzConnectionIT - >>> START: Test #4 - Service Bus – receiver client connects
[main] INFO com.core.az.AzConnection - Creating ServiceBusReceiverClient
[main] INFO com.core.az.AzConnection - Reading secret 'ServiceBusSubscriptionName' from Key Vault
[main] INFO com.core.az.AzConnection - Secret 'ServiceBusSubscriptionName' retrieved successfully
[main] WARN com.azure.messaging.servicebus.ServiceBusClientBuilder - 'enableAutoComplete' is not supported in synchronous client except through callback receive.
[main] INFO com.azure.messaging.servicebus.ServiceBusClientBuilder - # of open clients using shared connection cache: 1
[main] INFO com.core.az.AzConnection - ServiceBusReceiverClient created – namespace: sb-eia-dev-1.servicebus.windows.net, topic: email-processing, subscription: email-processor
[main] INFO com.core.az.AzConnectionIT -   ✓ Service Bus receiver namespace: sb-eia-dev-1.servicebus.windows.net
[main] INFO com.core.az.AzConnectionIT - <<< END  : Test #4 - Service Bus – receiver client connects - PASSED
]]></system-err>
  </testcase>
  <testcase name="aiFoundryChatClient_responds" classname="com.core.az.AzConnectionIT" time="5.486">
    <system-err><![CDATA[[main] INFO com.core.az.AzConnectionIT - >>> START: Test #5 - AI Foundry – chat completions client responds
[main] INFO com.core.az.AzConnection - Creating AI Foundry chat client
[main] INFO com.core.az.AzConnection - Reading secret 'AiFoundryEndpoint' from Key Vault
[main] INFO com.core.az.AzConnection - Secret 'AiFoundryEndpoint' retrieved successfully
[main] INFO com.core.az.AzConnection - AI Foundry chat client created for endpoint: https://oai-eia-dev-1.cognitiveservices.azure.com/
[main] INFO com.core.az.AzConnection - Reading secret 'AiFoundryDeploymentName' from Key Vault
[main] INFO com.core.az.AzConnection - Secret 'AiFoundryDeploymentName' retrieved successfully
[main] INFO com.azure.identity.ChainedTokenCredential - Azure Identity => Returning token from cached credential AzureCliCredential
[reactor-http-nio-3] INFO com.azure.cosmos.implementation.clienttelemetry.ClientTelemetry - Client is not on azure vm
[reactor-http-nio-3] WARN com.azure.cosmos.implementation.RxDocumentClientImpl - Initialized DocumentClient [1] with machineId[uuid:486d55e2-43c3-4ef7-aeb5-dca3c4562334] serviceEndpoint [https://cosmos-eia-dev-1.documents.azure.com:443/], connectionPolicy [ConnectionPolicy{httpNetworkRequestTimeout=PT1M, tcpNetworkRequestTimeout=PT5S, connectionMode=DIRECT, maxConnectionPoolSize=1000, idleHttpConnectionTimeout=PT1M, idleTcpConnectionTimeout=PT0S, userAgentSuffix='', throttlingRetryOptions=RetryOptions{maxRetryAttemptsOnThrottledRequests=9, maxRetryWaitTime=PT30S}, endpointDiscoveryEnabled=true, preferredRegions=null, multipleWriteRegionsEnabled=true, proxyType=null, inetSocketProxyAddress=null, readRequestsFallbackEnabled=true, connectTimeout=PT5S, idleTcpEndpointTimeout=PT1H, maxConnectionsPerEndpoint=130, maxRequestsPerConnection=30, tcpConnectionEndpointRediscoveryEnabled=true, ioThreadPriority=5, ioThreadCountPerCoreFactor=2, tcpHealthCheckTimeoutDetectionEnabled=true, minConnectionPoolSizePerEndpoint=1, openConnectionsConcurrency=1, aggressiveWarmupConcurrency=12}], consistencyLevel [null]
[main] INFO com.core.az.AzConnectionIT -   ✓ AI Foundry model reply: PONG
[main] INFO com.core.az.AzConnectionIT - <<< END  : Test #5 - AI Foundry – chat completions client responds - PASSED
]]></system-err>
  </testcase>
  <testcase name="contentUnderstanding_endpointIsValid" classname="com.core.az.AzConnectionIT" time="0.131">
    <system-err><![CDATA[[main] INFO com.core.az.AzConnectionIT - >>> START: Test #6 - Content Understanding – endpoint and credential are valid
[main] INFO com.core.az.AzConnection - Retrieving Content Understanding endpoint
[main] INFO com.core.az.AzConnection - Reading secret 'ContentUnderstandingEndpoint' from Key Vault
[main] INFO com.core.az.AzConnection - Secret 'ContentUnderstandingEndpoint' retrieved successfully
[main] INFO com.core.az.AzConnectionIT -   ✓ Content Understanding endpoint: https://cu-eia-dev-1.cognitiveservices.azure.com/
[main] INFO com.core.az.AzConnection - Creating DefaultAzureCredential for Content Understanding
[main] INFO com.core.az.AzConnectionIT - <<< END  : Test #6 - Content Understanding – endpoint and credential are valid - PASSED
]]></system-err>
  </testcase>
  <testcase name="contentUnderstanding_listAnalyzers" classname="com.core.az.AzConnectionIT" time="3.511">
    <system-err><![CDATA[[main] INFO com.core.az.AzConnectionIT - >>> START: Test #7 - Content Understanding – list analyzers via AzContentUnderstanding
[main] INFO com.core.az.AzConnection - Retrieving Content Understanding endpoint
[main] INFO com.core.az.AzConnection - Creating DefaultAzureCredential for Content Understanding
[main] INFO com.core.az.AzConnection - Creating HttpClient for Content Understanding
[main] INFO com.core.az.AzConnection - Reading secret 'ContentUnderstandingCompletionModel' from Key Vault
[main] INFO com.core.az.AzConnection - Secret 'ContentUnderstandingCompletionModel' retrieved successfully
[main] INFO com.core.az.AzContentUnderstanding - AzContentUnderstanding initialised – endpoint: https://cu-eia-dev-1.cognitiveservices.azure.com/, defaultCompletionModel: gpt-4.1
[main] INFO com.core.az.AzContentUnderstanding - Listing all content analyzers
[main] INFO com.azure.identity.ChainedTokenCredential - Azure Identity => Returning token from cached credential AzureCliCredential
[main] INFO com.core.az.AzContentUnderstanding - Content analyzers listed successfully
[main] INFO com.core.az.AzConnectionIT -   ✓ Content Understanding analyzers response length: 386331
[main] INFO com.core.az.AzConnectionIT -   ✓ First analyzer: {baseAnalyzerId=, name=, description=Transcribe conversations., id=prebuilt-audio}
[main] INFO com.core.az.AzContentUnderstanding - AzContentUnderstanding closed
[main] INFO com.core.az.AzConnectionIT - <<< END  : Test #7 - Content Understanding – list analyzers via AzContentUnderstanding - PASSED
]]></system-err>
  </testcase>
  <testcase name="graphClient_readsMailboxInbox" classname="com.core.az.AzConnectionIT" time="1.616">
    <system-err><![CDATA[[main] INFO com.core.az.AzConnectionIT - >>> START: Test #8 - Graph API – reads mailbox inbox via app-only credentials
[main] INFO com.core.az.AzConnection - Creating GraphServiceClient
[main] INFO com.core.az.AzConnection - Reading secret 'GraphClientId' from Key Vault
[main] INFO com.core.az.AzConnection - Secret 'GraphClientId' retrieved successfully
[main] INFO com.core.az.AzConnection - Reading secret 'GraphClientSecret' from Key Vault
[main] INFO com.core.az.AzConnection - Secret 'GraphClientSecret' retrieved successfully
[main] INFO com.core.az.AzConnection - Reading secret 'GraphTenantId' from Key Vault
[main] INFO com.core.az.AzConnection - Secret 'GraphTenantId' retrieved successfully
[main] INFO com.core.az.AzConnection - GraphServiceClient created for tenant: 184973ea-ba74-4734-9879-b5bb7f47976a
[main] INFO com.core.az.AzConnection - Reading secret 'UserEmailAddress' from Key Vault
[main] INFO com.core.az.AzConnection - Secret 'UserEmailAddress' retrieved successfully
[main] INFO com.core.az.AzConnectionIT -   ✓ Mailbox: fsi-demo@MngEnvMCAP573984.onmicrosoft.com
[main] INFO com.core.az.AzConnection - Reading secret 'PollingMailboxName' from Key Vault
[main] INFO com.core.az.AzConnection - Secret 'PollingMailboxName' retrieved successfully
[main] INFO com.core.az.AzConnectionIT -   ✓ Mailbox folder: Inbox
[main] INFO com.core.az.AzConnectionIT -   ✓ Inbox display name : Inbox
[main] INFO com.core.az.AzConnectionIT -   ✓ Total item count   : 4
[main] INFO com.core.az.AzConnectionIT -   ✓ Unread item count  : 0
[main] INFO com.core.az.AzConnectionIT - <<< END  : Test #8 - Graph API – reads mailbox inbox via app-only credentials - PASSED
]]></system-err>
  </testcase>
  <testcase name="keyVaultAccessors_returnValues" classname="com.core.az.AzConnectionIT" time="0.147">
    <system-err><![CDATA[[main] INFO com.core.az.AzConnectionIT - >>> START: Test #9 - Key Vault – all string accessors return non-blank values
[main] INFO com.core.az.AzConnection - Reading secret 'AiFoundryModelName' from Key Vault
[main] INFO com.core.az.AzConnection - Secret 'AiFoundryModelName' retrieved successfully
[main] INFO com.core.az.AzConnection - Reading secret 'AiFoundryApiVersion' from Key Vault
[main] INFO com.core.az.AzConnection - Secret 'AiFoundryApiVersion' retrieved successfully
[main] INFO com.core.az.AzConnection - Retrieving Content Understanding endpoint
[main] INFO com.core.az.AzConnectionIT -   ✓ AI Foundry deployment : gpt-5.1-chat
[main] INFO com.core.az.AzConnectionIT -   ✓ AI Foundry model      : gpt-5.1-chat
[main] INFO com.core.az.AzConnectionIT -   ✓ AI Foundry API version: 2024-12-01-preview
[main] INFO com.core.az.AzConnection - Retrieving Content Understanding endpoint
[main] INFO com.core.az.AzConnectionIT -   ✓ CU endpoint           : https://cu-eia-dev-1.cognitiveservices.azure.com/
[main] INFO com.core.az.AzConnectionIT - <<< END  : Test #9 - Key Vault – all string accessors return non-blank values - PASSED
]]></system-err>
  </testcase>
</testsuite>