<?xml version="1.0" encoding="UTF-8"?>
<testsuite xmlns:xsi="http://www.w3.org/2001/XMLSchema-instance" xsi:noNamespaceSchemaLocation="https://maven.apache.org/surefire/maven-surefire-plugin/xsd/surefire-test-report.xsd" version="3.0.2" name="com.core.az.AzStorageBlobTest" time="0.607" tests="13" errors="0" skipped="0" failures="0">
  <properties>
[...]
</properties>
  <testcase name="readBytes_returnsDownloadedBytes" classname="com.core.az.AzStorageBlobTest" time="0.439">
    <system-err><![CDATA[[main] INFO com.core.az.AzStorageBlob - AzStorageBlob initialised – container: test-container
[main] INFO com.core.az.AzStorageBlob - Reading blob 'folder/test-file.txt' as bytes
[main] INFO com.core.az.AzStorageBlob - Blob 'folder/test-file.txt' read successfully (5 bytes)
]]></system-err>
  </testcase>
  <testcase name="delete_returnsFalse_whenBlobDidNotExist" classname="com.core.az.AzStorageBlobTest" time="0.014">
    <system-err><![CDATA[[main] INFO com.core.az.AzStorageBlob - AzStorageBlob initialised – container: test-container
[main] INFO com.core.az.AzStorageBlob - Deleting blob 'folder/test-file.txt'
]]></system-err>
  </testcase>
  <testcase name="readStream_returnsInputStreamFromBlobClient" classname="com.core.az.AzStorageBlobTest" time="0.077">
    <system-err><![CDATA[[main] INFO com.core.az.AzStorageBlob - AzStorageBlob initialised – container: test-container
[main] INFO com.core.az.AzStorageBlob - Opening stream for blob 'folder/test-file.txt'
]]></system-err>
  </testcase>
  <testcase name="readString_returnsUtf8Content" classname="com.core.az.AzStorageBlobTest" time="0.007">
    <system-err><![CDATA[[main] INFO com.core.az.AzStorageBlob - AzStorageBlob initialised – container: test-container
[main] INFO com.core.az.AzStorageBlob - Reading blob 'folder/test-file.txt' as string
[main] INFO com.core.az.AzStorageBlob - Reading blob 'folder/test-file.txt' as bytes
[main] INFO com.core.az.AzStorageBlob - Blob 'folder/test-file.txt' read successfully (21 bytes)
[main] INFO com.core.az.AzStorageBlob - Blob 'folder/test-file.txt' read successfully (21 chars)
]]></system-err>
  </testcase>
  <testcase name="exists_returnsFalse_whenBlobDoesNotExist" classname="com.core.az.AzStorageBlobTest" time="0.006">
    <system-err><![CDATA[[main] INFO com.core.az.AzStorageBlob - AzStorageBlob initialised – container: test-container
]]></system-err>
  </testcase>
  <testcase name="readBytes_emptyBlob_returnsEmptyArray" classname="com.core.az.AzStorageBlobTest" time="0.007">
    <system-err><![CDATA[[main] INFO com.core.az.AzStorageBlob - AzStorageBlob initialised – container: test-container
[main] INFO com.core.az.AzStorageBlob - Reading blob 'folder/test-file.txt' as bytes
[main] INFO com.core.az.AzStorageBlob - Blob 'folder/test-file.txt' read successfully (0 bytes)
]]></system-err>
  </testcase>
  <testcase name="writeStream_uploadsStreamWithOverwrite" classname="com.core.az.AzStorageBlobTest" time="0.009">
    <system-err><![CDATA[[main] INFO com.core.az.AzStorageBlob - AzStorageBlob initialised – container: test-container
[main] INFO com.core.az.AzStorageBlob - Writing blob 'folder/test-file.txt' from stream (2 bytes)
[main] INFO com.core.az.AzStorageBlob - Blob 'folder/test-file.txt' written successfully
]]></system-err>
  </testcase>
  <testcase name="delete_returnsTrue_whenBlobDeleted" classname="com.core.az.AzStorageBlobTest" time="0.005">
    <system-err><![CDATA[[main] INFO com.core.az.AzStorageBlob - AzStorageBlob initialised – container: test-container
[main] INFO com.core.az.AzStorageBlob - Deleting blob 'folder/test-file.txt'
]]></system-err>
  </testcase>
  <testcase name="writeBytes_uploadsWithOverwrite" classname="com.core.az.AzStorageBlobTest" time="0.003">
    <system-err><![CDATA[[main] INFO com.core.az.AzStorageBlob - AzStorageBlob initialised – container: test-container
[main] INFO com.core.az.AzStorageBlob - Writing blob 'folder/test-file.txt' (3 bytes)
[main] INFO com.core.az.AzStorageBlob - Blob 'folder/test-file.txt' written successfully
]]></system-err>
  </testcase>
  <testcase name="writeString_uploadsUtf8Bytes" classname="com.core.az.AzStorageBlobTest" time="0.009">
    <system-err><![CDATA[[main] INFO com.core.az.AzStorageBlob - AzStorageBlob initialised – container: test-container
[main] INFO com.core.az.AzStorageBlob - Writing blob 'folder/test-file.txt' (21 chars)
[main] INFO com.core.az.AzStorageBlob - Writing blob 'folder/test-file.txt' (21 bytes)
[main] INFO com.core.az.AzStorageBlob - Blob 'folder/test-file.txt' written successfully
]]></system-err>
  </testcase>
  <testcase name="constructor_getsContainerClientFromConnection" classname="com.core.az.AzStorageBlobTest" time="0.006">
    <system-err><![CDATA[[main] INFO com.core.az.AzStorageBlob - AzStorageBlob initialised – container: test-container
]]></system-err>
  </testcase>
  <testcase name="operations_useDifferentBlobNames" classname="com.core.az.AzStorageBlobTest" time="0.006">
    <system-err><![CDATA[[main] INFO com.core.az.AzStorageBlob - AzStorageBlob initialised – container: test-container
]]></system-err>
  </testcase>
  <testcase name="exists_returnsTrue_whenBlobExists" classname="com.core.az.AzStorageBlobTest" time="0.004">
    <system-err><![CDATA[[main] INFO com.core.az.AzStorageBlob - AzStorageBlob initialised – container: test-container
]]></system-err>
  </testcase>
</testsuite>