<?xml version="1.0" encoding="UTF-8"?>
<testsuite xmlns:xsi="http://www.w3.org/2001/XMLSchema-instance" xsi:noNamespaceSchemaLocation="https://maven.apache.org/surefire/maven-surefire-plugin/xsd/surefire-test-report.xsd" version="3.0.2" name="com.core.az.AzConnectionTest" time="4.451" tests="17" errors="0" skipped="0" failures="0">
  <properties>
[...]
</properties>
  <testcase name="getMailboxEmail_returnsSecretValue" classname="com.core.az.AzConnectionTest" time="2.094">
    <system-err><![CDATA[Mockito is currently self-attaching to enable the inline-mock-maker. This will no longer work in future releases of the JDK. Please add Mockito as an agent to your build what is described in Mockito's documentation: https://javadoc.io/doc/org.mockito/mockito-core/latest/org/mockito/Mockito.html#0.3
[main] INFO com.core.az.AzConnection - Reading secret 'UserEmailAddress' from Key Vault
[main] INFO com.core.az.AzConnection - Secret 'UserEmailAddress' retrieved successfully
]]></system-err>
  </testcase>
  <testcase name="getAiFoundryDeploymentName_returnsSecretValue" classname="com.core.az.AzConnectionTest" time="0.022">
    <system-err><![CDATA[[main] INFO com.core.az.AzConnection - Reading secret 'AiFoundryDeploymentName' from Key Vault
[main] INFO com.core.az.AzConnection - Secret 'AiFoundryDeploymentName' retrieved successfully
]]></system-err>
  </testcase>
  <testcase name="getAiFoundryChatClient_readsEndpointSecret" classname="com.core.az.AzConnectionTest" time="0.711">
    <system-err><![CDATA[[main] INFO com.core.az.AzConnection - Creating AI Foundry chat client
[main] INFO com.core.az.AzConnection - Reading secret 'AiFoundryEndpoint' from Key Vault
[main] INFO com.core.az.AzConnection - Secret 'AiFoundryEndpoint' retrieved successfully
[main] INFO com.core.az.AzConnection - AI Foundry chat client created for endpoint: https://my-foundry.openai.azure.com
]]></system-err>
  </testcase>
  <testcase name="getContentUnderstandingEndpoint_returnsSecretValue" classname="com.core.az.AzConnectionTest" time="0.024">
    <system-err><![CDATA[[main] INFO com.core.az.AzConnection - Retrieving Content Understanding endpoint
[main] INFO com.core.az.AzConnection - Reading secret 'ContentUnderstandingEndpoint' from Key Vault
[main] INFO com.core.az.AzConnection - Secret 'ContentUnderstandingEndpoint' retrieved successfully
]]></system-err>
  </testcase>
  <testcase name="getMailboxFolder_returnsSecretValue" classname="com.core.az.AzConnectionTest" time="0.016">
    <system-err><![CDATA[[main] INFO com.core.az.AzConnection - Reading secret 'PollingMailboxName' from Key Vault
[main] INFO com.core.az.AzConnection - Secret 'PollingMailboxName' retrieved successfully
]]></system-err>
  </testcase>
  <testcase name="getContentUnderstandingHttpClient_cachesClientOnSubsequentCalls" classname="com.core.az.AzConnectionTest" time="0.336">
    <system-err><![CDATA[[main] INFO com.core.az.AzConnection - Creating HttpClient for Content Understanding
]]></system-err>
  </testcase>
  <testcase name="getAiFoundryChatClient_cachesClientOnSubsequentCalls" classname="com.core.az.AzConnectionTest" time="0.018">
    <system-err><![CDATA[[main] INFO com.core.az.AzConnection - Creating AI Foundry chat client
[main] INFO com.core.az.AzConnection - Reading secret 'AiFoundryEndpoint' from Key Vault
[main] INFO com.core.az.AzConnection - Secret 'AiFoundryEndpoint' retrieved successfully
[main] INFO com.core.az.AzConnection - AI Foundry chat client created for endpoint: https://my-foundry.openai.azure.com
]]></system-err>
  </testcase>
  <testcase name="getGraphClient_readsAllGraphSecrets" classname="com.core.az.AzConnectionTest" time="0.152">
    <system-err><![CDATA[[main] INFO com.core.az.AzConnection - Creating GraphServiceClient
[main] INFO com.core.az.AzConnection - Reading secret 'GraphClientId' from Key Vault
[main] INFO com.core.az.AzConnection - Secret 'GraphClientId' retrieved successfully
[main] INFO com.core.az.AzConnection - Reading secret 'GraphClientSecret' from Key Vault
[main] INFO com.core.az.AzConnection - Secret 'GraphClientSecret' retrieved successfully
[main] INFO com.core.az.AzConnection - Reading secret 'GraphTenantId' from Key Vault
[main] INFO com.core.az.AzConnection - Secret 'GraphTenantId' retrieved successfully
[main] INFO com.core.az.AzConnection - GraphServiceClient created for tenant: tenant-id-456
]]></system-err>
  </testcase>
  <testcase name="getServiceBusReceiverClient_readsCorrectSecrets" classname="com.core.az.AzConnectionTest" time="0.19">
    <system-err><![CDATA[[main] INFO com.core.az.AzConnection - Creating ServiceBusReceiverClient
[main] INFO com.core.az.AzConnection - Reading secret 'ServiceBusUrl' from Key Vault
[main] INFO com.core.az.AzConnection - Secret 'ServiceBusUrl' retrieved successfully
[main] INFO com.core.az.AzConnection - Reading secret 'ServiceBusTopicName' from Key Vault
[main] INFO com.core.az.AzConnection - Secret 'ServiceBusTopicName' retrieved successfully
[main] INFO com.core.az.AzConnection - Reading secret 'ServiceBusSubscriptionName' from Key Vault
[main] INFO com.core.az.AzConnection - Secret 'ServiceBusSubscriptionName' retrieved successfully
[main] WARN com.azure.messaging.servicebus.ServiceBusClientBuilder - 'enableAutoComplete' is not supported in synchronous client except through callback receive.
[main] INFO com.azure.messaging.servicebus.ServiceBusClientBuilder - # of open clients using shared connection cache: 1
[main] INFO com.core.az.AzConnection - ServiceBusReceiverClient created – namespace: myns.servicebus.windows.net, topic: my-topic, subscription: my-sub
]]></system-err>
  </testcase>
  <testcase name="getAiFoundryModelName_returnsSecretValue" classname="com.core.az.AzConnectionTest" time="0.019">
    <system-err><![CDATA[[main] INFO com.core.az.AzConnection - Reading secret 'AiFoundryModelName' from Key Vault
[main] INFO com.core.az.AzConnection - Secret 'AiFoundryModelName' retrieved successfully
]]></system-err>
  </testcase>
  <testcase name="getCosmosContainer_readsAllCosmosSecrets" classname="com.core.az.AzConnectionTest" time="0.687">
    <system-err><![CDATA[[main] INFO com.core.az.AzConnection - Getting CosmosContainer reference
[main] INFO com.core.az.AzConnection - Reading secret 'CosmosDbDatabaseName' from Key Vault
[main] INFO com.core.az.AzConnection - Secret 'CosmosDbDatabaseName' retrieved successfully
[main] INFO com.core.az.AzConnection - Reading secret 'CosmosDbContainerName' from Key Vault
[main] INFO com.core.az.AzConnection - Secret 'CosmosDbContainerName' retrieved successfully
[main] INFO com.core.az.AzConnection - Creating CosmosClient
[main] INFO com.core.az.AzConnection - Reading secret 'CosmosDbEndpoint' from Key Vault
[main] INFO com.core.az.AzConnection - Secret 'CosmosDbEndpoint' retrieved successfully
[main] INFO com.core.az.AzConnection - CosmosClient created for endpoint: https://mydb.documents.azure.com:443/
[main] INFO com.core.az.AzConnection - CosmosContainer reference obtained – database: myDatabase, container: myContainer
]]></system-err>
  </testcase>
  <testcase name="getCosmosClient_readsEndpointSecret" classname="com.core.az.AzConnectionTest" time="0.023">
    <system-err><![CDATA[[main] INFO com.core.az.AzConnection - Creating CosmosClient
[main] INFO com.core.az.AzConnection - Reading secret 'CosmosDbEndpoint' from Key Vault
[main] INFO com.core.az.AzConnection - Secret 'CosmosDbEndpoint' retrieved successfully
[main] INFO com.core.az.AzConnection - CosmosClient created for endpoint: https://mydb.documents.azure.com:443/
]]></system-err>
  </testcase>
  <testcase name="getAiFoundryApiVersion_returnsSecretValue" classname="com.core.az.AzConnectionTest" time="0.01">
    <system-err><![CDATA[[main] INFO com.core.az.AzConnection - Reading secret 'AiFoundryApiVersion' from Key Vault
[main] INFO com.core.az.AzConnection - Secret 'AiFoundryApiVersion' retrieved successfully
]]></system-err>
  </testcase>
  <testcase name="azEnvNames_constantsHaveExpectedValues" classname="com.core.az.AzConnectionTest" time="0.006"/>
  <testcase name="getSecret_cachesValueOnSubsequentCalls" classname="com.core.az.AzConnectionTest" time="0.012">
    <system-err><![CDATA[[main] INFO com.core.az.AzConnection - Reading secret 'AiFoundryModelName' from Key Vault
[main] INFO com.core.az.AzConnection - Secret 'AiFoundryModelName' retrieved successfully
]]></system-err>
  </testcase>
  <testcase name="getContentUnderstandingCredential_returnsNonNull" classname="com.core.az.AzConnectionTest" time="0.012">
    <system-err><![CDATA[[main] INFO com.core.az.AzConnection - Creating DefaultAzureCredential for Content Understanding
]]></system-err>
  </testcase>
  <testcase name="getServiceBusSenderClient_readsCorrectSecrets" classname="com.core.az.AzConnectionTest" time="0.032">
    <system-err><![CDATA[[main] INFO com.core.az.AzConnection - Creating ServiceBusSenderClient
[main] INFO com.core.az.AzConnection - Reading secret 'ServiceBusUrl' from Key Vault
[main] INFO com.core.az.AzConnection - Secret 'ServiceBusUrl' retrieved successfully
[main] INFO com.core.az.AzConnection - Reading secret 'ServiceBusTopicName' from Key Vault
[main] INFO com.core.az.AzConnection - Secret 'ServiceBusTopicName' retrieved successfully
[main] INFO com.azure.messaging.servicebus.ServiceBusClientBuilder - # of open clients using shared connection cache: 1
[main] INFO com.core.az.AzConnection - ServiceBusSenderClient created – namespace: myns.servicebus.windows.net, topic: my-topic
]]></system-err>
  </testcase>
</testsuite>